2024-09-25 12:15:59,131: Started main()
2024-09-25 12:16:00,499: Successfully got page from https://wikimapia.org/country/
2024-09-25 12:16:00,511: started scanning country at https://wikimapia.org/country/Afghanistan/
2024-09-25 12:16:00,511: started scanning country at https://wikimapia.org/country/Albania/
2024-09-25 12:16:00,514: started scanning country at https://wikimapia.org/country/Algeria/
2024-09-25 12:16:00,516: started scanning country at https://wikimapia.org/country/American_Samoa/
2024-09-25 12:16:00,516: started scanning country at https://wikimapia.org/country/Andorra/
2024-09-25 12:16:00,879: Successfully got page from https://wikimapia.org/country/Afghanistan/
2024-09-25 12:16:00,879: started scannig District at https://wikimapia.org/country/Afghanistan/Badahsan/
2024-09-25 12:16:01,285: Successfully got page from https://wikimapia.org/country/Afghanistan/Badahsan/
2024-09-25 12:16:01,289: started scannig City at https://wikimapia.org/country/Afghanistan/Badahsan/Eskasem/
2024-09-25 12:16:01,545: Successfully got page from https://wikimapia.org/country/Andorra/
2024-09-25 12:16:01,545: started scannig District at https://wikimapia.org/country/Andorra/Andorra_la_Vella/
2024-09-25 12:16:01,657: Successfully got page from https://wikimapia.org/country/Algeria/
2024-09-25 12:16:01,663: started scannig District at https://wikimapia.org/country/Algeria/Adrar/
2024-09-25 12:16:01,725: Successfully got page from https://wikimapia.org/country/Albania/
2024-09-25 12:16:01,730: started scannig District at https://wikimapia.org/country/Albania/Berat/
2024-09-25 12:16:01,833: Successfully got page from https://wikimapia.org/country/Afghanistan/Badahsan/Eskasem/
2024-09-25 12:16:01,856: Successfully got page from https://wikimapia.org/country/American_Samoa/
2024-09-25 12:16:01,858: started scannig District at https://wikimapia.org/country/American_Samoa/Eastern/
2024-09-25 12:16:01,919: Successfully got page from https://wikimapia.org/country/Andorra/Andorra_la_Vella/
2024-09-25 12:16:01,921: started scannig City at https://wikimapia.org/country/Andorra/Andorra_la_Vella/Andorra_la_Vella/
2024-09-25 12:16:01,965: Successfully got page from https://wikimapia.org/country/Albania/Berat/
2024-09-25 12:16:01,968: started scannig City at https://wikimapia.org/country/Albania/Berat/Berat/
2024-09-25 12:16:02,028: Successfully got page from https://wikimapia.org/country/Algeria/Adrar/
2024-09-25 12:16:02,032: started scannig City at https://wikimapia.org/country/Algeria/Adrar/Adrar/
2024-09-25 12:16:02,248: Successfully got page from https://wikimapia.org/country/Afghanistan/Badahsan/Eskasem/0/
2024-09-25 12:16:02,273: Successfully got page from https://wikimapia.org/country/American_Samoa/Eastern/
2024-09-25 12:16:02,275: started scannig City at https://wikimapia.org/country/American_Samoa/Eastern/Afono/
2024-09-25 12:16:02,406: Successfully got page from https://wikimapia.org/country/Andorra/Andorra_la_Vella/Andorra_la_Vella/
2024-09-25 12:16:02,491: Successfully got page from https://wikimapia.org/country/Albania/Berat/Berat/
2024-09-25 12:16:02,558: Successfully got page from https://wikimapia.org/country/Algeria/Adrar/Adrar/
2024-09-25 12:16:02,675: Successfully got page from https://wikimapia.org/country/American_Samoa/Eastern/Afono/
2024-09-25 12:16:02,675: started scannig City at https://wikimapia.org/country/American_Samoa/Eastern/Alao/
2024-09-25 12:16:02,821: Successfully got page from https://wikimapia.org/country/Andorra/Andorra_la_Vella/Andorra_la_Vella/0/
2024-09-25 12:16:02,844: Successfully got page from https://wikimapia.org/country/Albania/Berat/Berat/0/
2024-09-25 12:16:02,909: Successfully got page from http://wikimapia.org/1314124/Wakhan-Corridor-Western-entry
2024-09-25 12:16:02,918: parsed coordinates from http://wikimapia.org/1314124/Wakhan-Corridor-Western-entry
2024-09-25 12:16:03,009: Successfully got page from https://wikimapia.org/country/Algeria/Adrar/Adrar/0/
2024-09-25 12:16:03,051: Successfully got page from https://wikimapia.org/country/American_Samoa/Eastern/Alao/
2024-09-25 12:16:03,055: started scannig City at https://wikimapia.org/country/American_Samoa/Eastern/Alofau/
2024-09-25 12:16:03,389: Successfully got page from http://wikimapia.org/1700368/Sekhch
2024-09-25 12:16:03,396: parsed coordinates from http://wikimapia.org/1700368/Sekhch
2024-09-25 12:16:03,445: Successfully got page from http://wikimapia.org/1930930/it/kaceli
2024-09-25 12:16:03,452: parsed coordinates from http://wikimapia.org/1930930/it/kaceli
2024-09-25 12:16:03,526: Successfully got page from http://wikimapia.org/2015085/Estadi-Comunal-d-Andorra-la-Vella
2024-09-25 12:16:03,531: Successfully got page from https://wikimapia.org/country/American_Samoa/Eastern/Alofau/
2024-09-25 12:16:03,535: started scannig City at https://wikimapia.org/country/American_Samoa/Eastern/Amouli/
2024-09-25 12:16:03,538: parsed coordinates from http://wikimapia.org/2015085/Estadi-Comunal-d-Andorra-la-Vella
2024-09-25 12:16:03,740: Successfully got page from http://wikimapia.org/1858845/Adrar
2024-09-25 12:16:03,750: parsed coordinates from http://wikimapia.org/1858845/Adrar
2024-09-25 12:16:03,804: Successfully got page from http://wikimapia.org/1991676/Ishkoshim
2024-09-25 12:16:03,823: parsed coordinates from http://wikimapia.org/1991676/Ishkoshim
2024-09-25 12:16:03,854: Successfully got page from https://wikimapia.org/country/American_Samoa/Eastern/Amouli/
2024-09-25 12:16:03,857: started scannig City at https://wikimapia.org/country/American_Samoa/Eastern/Aoa/
2024-09-25 12:16:03,885: Successfully got page from http://wikimapia.org/2881140/Tomori-Stadium
2024-09-25 12:16:03,892: parsed coordinates from http://wikimapia.org/2881140/Tomori-Stadium
2024-09-25 12:16:04,007: Successfully got page from http://wikimapia.org/3726266/es/RTVA-Radio-i-Television-d-Andorra-SA
2024-09-25 12:16:04,017: parsed coordinates from http://wikimapia.org/3726266/es/RTVA-Radio-i-Television-d-Andorra-SA
2024-09-25 12:16:04,147: Successfully got page from http://wikimapia.org/3557336/ar/lkll
2024-09-25 12:16:04,151: parsed coordinates from http://wikimapia.org/3557336/ar/lkll
2024-09-25 12:16:04,246: Successfully got page from http://wikimapia.org/1991682/Border-crossing-Tajikistan-Afghanistan
2024-09-25 12:16:04,247: Successfully got page from http://wikimapia.org/3039771/School-ground
2024-09-25 12:16:04,254: Successfully got page from https://wikimapia.org/country/American_Samoa/Eastern/Aoa/
2024-09-25 12:16:04,268: parsed coordinates from http://wikimapia.org/3039771/School-ground
2024-09-25 12:16:04,269: started scannig City at https://wikimapia.org/country/American_Samoa/Eastern/Atuu/
2024-09-25 12:16:04,273: parsed coordinates from http://wikimapia.org/1991682/Border-crossing-Tajikistan-Afghanistan
2024-09-25 12:16:04,487: Successfully got page from http://wikimapia.org/5794409/Andorra-la-Vella
2024-09-25 12:16:04,496: parsed coordinates from http://wikimapia.org/5794409/Andorra-la-Vella
2024-09-25 12:16:04,577: Successfully got page from http://wikimapia.org/4050229/ar/%D8%B9%D8%A7%D8%A6%D9%84%D8%A9-KIOUS
2024-09-25 12:16:04,580: parsed coordinates from http://wikimapia.org/4050229/ar/%D8%B9%D8%A7%D8%A6%D9%84%D8%A9-KIOUS
2024-09-25 12:16:04,698: Successfully got page from http://wikimapia.org/3601421/Berat-Castle
2024-09-25 12:16:04,704: parsed coordinates from http://wikimapia.org/3601421/Berat-Castle
2024-09-25 12:16:04,717: Successfully got page from https://wikimapia.org/country/American_Samoa/Eastern/Atuu/
2024-09-25 12:16:04,719: started scannig City at https://wikimapia.org/country/American_Samoa/Eastern/Aua/
2024-09-25 12:16:04,824: Successfully got page from http://wikimapia.org/5427021/Noshaq-7453m
2024-09-25 12:16:04,826: parsed coordinates from http://wikimapia.org/5427021/Noshaq-7453m
2024-09-25 12:16:04,872: Successfully got page from http://wikimapia.org/4619128/ar/commun-elmokrani-wilaya-bouira-alger
2024-09-25 12:16:04,878: parsed coordinates from http://wikimapia.org/4619128/ar/commun-elmokrani-wilaya-bouira-alger
2024-09-25 12:16:04,903: Successfully got page from http://wikimapia.org/6553574/Casa-Coma
2024-09-25 12:16:04,910: parsed coordinates from http://wikimapia.org/6553574/Casa-Coma
2024-09-25 12:16:05,106: Successfully got page from http://wikimapia.org/5201500/sq/Pllaka-guri
2024-09-25 12:16:05,111: parsed coordinates from http://wikimapia.org/5201500/sq/Pllaka-guri
2024-09-25 12:16:05,134: Successfully got page from https://wikimapia.org/country/American_Samoa/Eastern/Aua/
2024-09-25 12:16:05,137: started scannig City at https://wikimapia.org/country/American_Samoa/Eastern/Aunuu/
2024-09-25 12:16:05,239: Successfully got page from http://wikimapia.org/7329112/ru/%D0%A0%D1%8B%D0%BD
2024-09-25 12:16:05,249: parsed coordinates from http://wikimapia.org/7329112/ru/%D0%A0%D1%8B%D0%BD
2024-09-25 12:16:05,269: Successfully got page from http://wikimapia.org/17004987/Holiday-Inn-5-Crowne-Plaza
2024-09-25 12:16:05,281: parsed coordinates from http://wikimapia.org/17004987/Holiday-Inn-5-Crowne-Plaza
2024-09-25 12:16:05,304: Successfully got page from http://wikimapia.org/5155204/es/Sbaa
2024-09-25 12:16:05,311: parsed coordinates from http://wikimapia.org/5155204/es/Sbaa
2024-09-25 12:16:05,512: Successfully got page from https://wikimapia.org/country/American_Samoa/Eastern/Aunuu/
2024-09-25 12:16:05,515: started scannig City at https://wikimapia.org/country/American_Samoa/Eastern/Fagaalu/
2024-09-25 12:16:05,518: Successfully got page from http://wikimapia.org/5513402/sq/Ish-Baza-Ushtarake-Gjoroven
2024-09-25 12:16:05,523: parsed coordinates from http://wikimapia.org/5513402/sq/Ish-Baza-Ushtarake-Gjoroven
2024-09-25 12:16:05,617: Successfully got page from http://wikimapia.org/9551767/Ishkashim
2024-09-25 12:16:05,622: parsed coordinates from http://wikimapia.org/9551767/Ishkashim
2024-09-25 12:16:05,730: Successfully got page from http://wikimapia.org/17808251/es/Hotel-Cervol
2024-09-25 12:16:05,742: parsed coordinates from http://wikimapia.org/17808251/es/Hotel-Cervol
2024-09-25 12:16:05,806: Successfully got page from http://wikimapia.org/5155222/es/Mahidia
2024-09-25 12:16:05,814: parsed coordinates from http://wikimapia.org/5155222/es/Mahidia
2024-09-25 12:16:05,873: Successfully got page from https://wikimapia.org/country/American_Samoa/Eastern/Fagaalu/
2024-09-25 12:16:05,877: started scannig City at https://wikimapia.org/country/American_Samoa/Eastern/Fagaitua/
2024-09-25 12:16:05,950: Successfully got page from http://wikimapia.org/7053350/Bridge
2024-09-25 12:16:05,964: parsed coordinates from http://wikimapia.org/7053350/Bridge
2024-09-25 12:16:06,040: Successfully got page from http://wikimapia.org/17808269/es/President-4
2024-09-25 12:16:06,051: Successfully got page from http://wikimapia.org/13025252/%D0%91%D1%8B%D0%B2%D1%88%D0%B8%D0%B9-%D0%98%D1%88%D0%BA%D0%B0%D1%88%D0%B8%D0%BC%D1%81%D0%BA%D0%B8%D0%B9-%D0%BF%D0%BE%D0%B3%D1%80%D0%B0%D0%BD%D0%BE%D1%82%D1%80%D1%8F%D0%B4
2024-09-25 12:16:06,057: parsed coordinates from http://wikimapia.org/17808269/es/President-4
2024-09-25 12:16:06,069: parsed coordinates from http://wikimapia.org/13025252/%D0%91%D1%8B%D0%B2%D1%88%D0%B8%D0%B9-%D0%98%D1%88%D0%BA%D0%B0%D1%88%D0%B8%D0%BC%D1%81%D0%BA%D0%B8%D0%B9-%D0%BF%D0%BE%D0%B3%D1%80%D0%B0%D0%BD%D0%BE%D1%82%D1%80%D1%8F%D0%B4
2024-09-25 12:16:06,172: Successfully got page from http://wikimapia.org/6164060/%D8%AF%D8%A7%D8%B1-%D8%A7%D9%84%D8%B3%D9%8A%D8%AF-%D9%87%D9%8A%D8%B1%D9%8A-%D8%A3%D8%AD%D9%85%D8%AF-%D9%88%D9%84%D8%AF-%D8%B3%D9%84%D9%8A%D9%85%D8%A7%D9%86-%D8%A7%D9%84%D9%83%D9%88%D8%AF%D8%A7%D9%83-%D9%88%D9%84%D8%AF-%D8%A7%D9%84%D8%AD%D8%A7%D8%AC-%D8%A7%D9%84%D9%85%D9%8A%D9%84%D9%88%D8%AF-%D9%82%D8%B1%D9%85%D8%B4
2024-09-25 12:16:06,183: parsed coordinates from http://wikimapia.org/6164060/%D8%AF%D8%A7%D8%B1-%D8%A7%D9%84%D8%B3%D9%8A%D8%AF-%D9%87%D9%8A%D8%B1%D9%8A-%D8%A3%D8%AD%D9%85%D8%AF-%D9%88%D9%84%D8%AF-%D8%B3%D9%84%D9%8A%D9%85%D8%A7%D9%86-%D8%A7%D9%84%D9%83%D9%88%D8%AF%D8%A7%D9%83-%D9%88%D9%84%D8%AF-%D8%A7%D9%84%D8%AD%D8%A7%D8%AC-%D8%A7%D9%84%D9%85%D9%8A%D9%84%D9%88%D8%AF-%D9%82%D8%B1%D9%85%D8%B4
2024-09-25 12:16:06,217: Successfully got page from https://wikimapia.org/country/American_Samoa/Eastern/Fagaitua/
2024-09-25 12:16:06,222: started scannig City at https://wikimapia.org/country/American_Samoa/Eastern/Fagasa/
2024-09-25 12:16:06,367: Successfully got page from http://wikimapia.org/7348993/Saint-Demetrius-Orthodox-Cathedral
2024-09-25 12:16:06,373: parsed coordinates from http://wikimapia.org/7348993/Saint-Demetrius-Orthodox-Cathedral
2024-09-25 12:16:06,460: Successfully got page from http://wikimapia.org/17997746/ru/Buda-Espai
2024-09-25 12:16:06,466: parsed coordinates from http://wikimapia.org/17997746/ru/Buda-Espai
2024-09-25 12:16:06,527: Successfully got page from http://wikimapia.org/13749167/Udren-Zom-7-140-m-23-430-ft
2024-09-25 12:16:06,533: parsed coordinates from http://wikimapia.org/13749167/Udren-Zom-7-140-m-23-430-ft
2024-09-25 12:16:06,551: Successfully got page from http://wikimapia.org/6352771/ar/dayfel
2024-09-25 12:16:06,557: parsed coordinates from http://wikimapia.org/6352771/ar/dayfel
2024-09-25 12:16:06,582: Successfully got page from https://wikimapia.org/country/American_Samoa/Eastern/Fagasa/
2024-09-25 12:16:06,584: started scannig City at https://wikimapia.org/country/American_Samoa/Eastern/Fagatogo/
2024-09-25 12:16:06,842: Successfully got page from http://wikimapia.org/8185102/Berat
2024-09-25 12:16:06,860: parsed coordinates from http://wikimapia.org/8185102/Berat
2024-09-25 12:16:06,874: Successfully got page from http://wikimapia.org/20039469/es/Estadi-Nacional
2024-09-25 12:16:06,881: Successfully got page from http://wikimapia.org/15030642/Zong
2024-09-25 12:16:06,894: parsed coordinates from http://wikimapia.org/20039469/es/Estadi-Nacional
2024-09-25 12:16:06,901: parsed coordinates from http://wikimapia.org/15030642/Zong
2024-09-25 12:16:07,044: Successfully got page from https://wikimapia.org/country/American_Samoa/Eastern/Fagatogo/
2024-09-25 12:16:07,048: started scannig City at https://wikimapia.org/country/American_Samoa/Eastern/Laulii/
2024-09-25 12:16:07,173: Successfully got page from http://wikimapia.org/6415127/fr/R%C3%A9sidence-de-Litim-Younes
2024-09-25 12:16:07,173: parsed coordinates from http://wikimapia.org/6415127/fr/R%C3%A9sidence-de-Litim-Younes
2024-09-25 12:16:07,260: Successfully got page from http://wikimapia.org/9564222/Gjimnazi-Bab%C3%AB-Dud%C3%AB-Karbunara
2024-09-25 12:16:07,266: parsed coordinates from http://wikimapia.org/9564222/Gjimnazi-Bab%C3%AB-Dud%C3%AB-Karbunara
2024-09-25 12:16:07,298: Successfully got page from http://wikimapia.org/21992433/es/Hotel-Sant-Jordi-by-Alegria-2
2024-09-25 12:16:07,304: parsed coordinates from http://wikimapia.org/21992433/es/Hotel-Sant-Jordi-by-Alegria-2
2024-09-25 12:16:07,370: Successfully got page from http://wikimapia.org/15816197/Ashkasham-Eshkashem
2024-09-25 12:16:07,380: parsed coordinates from http://wikimapia.org/15816197/Ashkasham-Eshkashem
2024-09-25 12:16:07,382: Successfully got page from https://wikimapia.org/country/American_Samoa/Eastern/Laulii/
2024-09-25 12:16:07,383: started scannig City at https://wikimapia.org/country/American_Samoa/Eastern/Leloaloa/
2024-09-25 12:16:07,545: Successfully got page from http://wikimapia.org/7037861/fr/caserne-de-pompier
2024-09-25 12:16:07,550: parsed coordinates from http://wikimapia.org/7037861/fr/caserne-de-pompier
2024-09-25 12:16:07,687: Successfully got page from http://wikimapia.org/9564227/Shkolla-9-vje%C3%A7are-1-Maji
2024-09-25 12:16:07,694: parsed coordinates from http://wikimapia.org/9564227/Shkolla-9-vje%C3%A7are-1-Maji
2024-09-25 12:16:07,701: Successfully got page from http://wikimapia.org/22021584/ru/Andorra-Center-4
2024-09-25 12:16:07,708: parsed coordinates from http://wikimapia.org/22021584/ru/Andorra-Center-4
2024-09-25 12:16:07,802: Successfully got page from http://wikimapia.org/16652010/MKPP-Ishkoshim
2024-09-25 12:16:07,807: parsed coordinates from http://wikimapia.org/16652010/MKPP-Ishkoshim
2024-09-25 12:16:07,886: Successfully got page from https://wikimapia.org/country/American_Samoa/Eastern/Leloaloa/
2024-09-25 12:16:07,888: started scannig City at https://wikimapia.org/country/American_Samoa/Eastern/Nuuuli/
2024-09-25 12:16:07,927: Successfully got page from http://wikimapia.org/7037886/fr/al-wilaya
2024-09-25 12:16:07,927: parsed coordinates from http://wikimapia.org/7037886/fr/al-wilaya
2024-09-25 12:16:08,135: Successfully got page from http://wikimapia.org/9564240/Central-Square
2024-09-25 12:16:08,136: parsed coordinates from http://wikimapia.org/9564240/Central-Square
2024-09-25 12:16:08,193: Successfully got page from http://wikimapia.org/22021949/ru/Artic
2024-09-25 12:16:08,202: parsed coordinates from http://wikimapia.org/22021949/ru/Artic
2024-09-25 12:16:08,284: Successfully got page from http://wikimapia.org/16663518/ru/%D0%A0%D0%B0%D0%B7%D0%B2%D0%B0%D0%BB%D0%B8%D0%BD%D1%8B-%D0%BA%D1%80%D0%B5%D0%BF%D0%BE%D1%81%D1%82%D0%B8
2024-09-25 12:16:08,294: parsed coordinates from http://wikimapia.org/16663518/ru/%D0%A0%D0%B0%D0%B7%D0%B2%D0%B0%D0%BB%D0%B8%D0%BD%D1%8B-%D0%BA%D1%80%D0%B5%D0%BF%D0%BE%D1%81%D1%82%D0%B8
2024-09-25 12:16:12,893: Retrying (Retry(total=2, connect=None, read=None, redirect=None, status=None)) after connection broken by 'ReadTimeoutError("HTTPSConnectionPool(host='wikimapia.org', port=443): Read timed out. (read timeout=5)")': /country/American_Samoa/Eastern/Nuuuli/
2024-09-25 12:16:12,939: Retrying (Retry(total=2, connect=None, read=None, redirect=None, status=None)) after connection broken by 'ReadTimeoutError("HTTPConnectionPool(host='wikimapia.org', port=80): Read timed out. (read timeout=5)")': /7037912/fr/lycee-belkine2
2024-09-25 12:16:13,148: Retrying (Retry(total=2, connect=None, read=None, redirect=None, status=None)) after connection broken by 'ReadTimeoutError("HTTPConnectionPool(host='wikimapia.org', port=80): Read timed out. (read timeout=5)")': /9564244/Pallati-i-Kultur%C3%ABs
2024-09-25 12:16:13,207: Retrying (Retry(total=2, connect=None, read=None, redirect=None, status=None)) after connection broken by 'ReadTimeoutError("HTTPConnectionPool(host='wikimapia.org', port=80): Read timed out. (read timeout=5)")': /22025600/ru/Pyrenees
2024-09-25 12:16:13,305: Retrying (Retry(total=2, connect=None, read=None, redirect=None, status=None)) after connection broken by 'ReadTimeoutError("HTTPConnectionPool(host='wikimapia.org', port=80): Read timed out. (read timeout=5)")': /16758869/ru/%D0%94%D0%B0%D1%88%D1%82-%D0%A1%D1%83%D0%BB%D0%B5%D0%B9%D0%BC%D0%B0%D0%BD
2024-09-25 12:16:22,068: Retrying (Retry(total=1, connect=None, read=None, redirect=None, status=None)) after connection broken by 'ReadTimeoutError("HTTPSConnectionPool(host='wikimapia.org', port=443): Read timed out. (read timeout=5)")': /country/American_Samoa/Eastern/Nuuuli/
2024-09-25 12:16:22,115: Retrying (Retry(total=1, connect=None, read=None, redirect=None, status=None)) after connection broken by 'ReadTimeoutError("HTTPConnectionPool(host='wikimapia.org', port=80): Read timed out. (read timeout=5)")': /7037912/fr/lycee-belkine2
2024-09-25 12:16:22,288: Retrying (Retry(total=1, connect=None, read=None, redirect=None, status=None)) after connection broken by 'ReadTimeoutError("HTTPConnectionPool(host='wikimapia.org', port=80): Read timed out. (read timeout=5)")': /9564244/Pallati-i-Kultur%C3%ABs
2024-09-25 12:16:22,359: Retrying (Retry(total=1, connect=None, read=None, redirect=None, status=None)) after connection broken by 'ReadTimeoutError("HTTPConnectionPool(host='wikimapia.org', port=80): Read timed out. (read timeout=5)")': /22025600/ru/Pyrenees
2024-09-25 12:16:22,458: Retrying (Retry(total=1, connect=None, read=None, redirect=None, status=None)) after connection broken by 'ReadTimeoutError("HTTPConnectionPool(host='wikimapia.org', port=80): Read timed out. (read timeout=5)")': /16758869/ru/%D0%94%D0%B0%D1%88%D1%82-%D0%A1%D1%83%D0%BB%D0%B5%D0%B9%D0%BC%D0%B0%D0%BD
